[        15][                                        main.cpp:                 WinMain@  68]	~ Application start
[        15][                                        main.cpp:                 WinMain@ 101]	Command line: " "
[        15][                               asyncluastate.cpp:              threadfunc@  25]	~ Lua thread started
[        93][                                      window.cpp:              initlstate@ 611]	~ Boot script location: .\scripts\system\boot.lua
[       109][                      .\scripts\system\input.lua:                        @  53]	point input enabled
[       109][                      .\scripts\system\input.lua:                        @  80]	keyboard input enabled
[       703][                                      shader.cpp:        setshadersources@ 233]	0 tex -> 0
[       718][                                      shader.cpp:        setshadersources@ 248]	1 -> -1
[       718][                                      shader.cpp:        setshadersources@ 248]	2 -> -1
[       718][                                      shader.cpp:        setshadersources@ 248]	3 -> -1
[       718][                                      shader.cpp:        setshadersources@ 248]	4 -> -1
[       718][                                      shader.cpp:        setshadersources@ 248]	5 -> -1
[       718][                                      shader.cpp:        setshadersources@ 248]	6 -> -1
[       718][                                      shader.cpp:        setshadersources@ 248]	7 -> -1
[      9448][                               asyncluastate.cpp:                    join@  64]	~ Waiting for the Lua thread...
[      9448][                      .\scripts\system\input.lua:                      hf@  35]	-> destroy
[      9495][                               asyncluastate.cpp:              threadfunc@  44]	~ Lua thread finished
[      9495][                               asyncluastate.cpp:                    join@  66]	~ Lua thread joined
[      9495][                                        main.cpp:                 WinMain@ 107]	~ Application end
[      9495][                           display.cpp:94( paint graphics::Resource::cleanup )]	avg:    0.000491ms, min:    0.000170ms, max:    0.000170ms (932 samples)
[      9495][                                     display.cpp:94( paint m_device->Present )]	avg:    8.211770ms, min:    0.470612ms, max:   23.470612ms (932 samples)
[      9495][                                    display.cpp:94( paint m_device->EndScene )]	avg:    0.000666ms, min:    0.000302ms, max:    0.000302ms (932 samples)
[      9495][                                          display.cpp:94( paint shape->paint )]	avg:    0.137174ms, min:    0.068784ms, max:    6.068784ms (932 samples)
[      9495][                                        display.cpp:94( paint shape->advance )]	avg:    0.015559ms, min:    0.001926ms, max:    5.001926ms (932 samples)
[      9495][                                  display.cpp:94( paint m_device->BeginScene )]	avg:    0.005376ms, min:    0.001416ms, max:    0.001416ms (932 samples)
[      9495][                                                       display.cpp:94( paint )]	avg:    8.373552ms, min:    0.581842ms, max:   23.581842ms (932 samples)
[      9511]
[      9511]Log finished
